<?xml version="1.0" encoding="UTF-8"?>
<!-- Generated by org.testng.reporters.JUnitReportReporter -->
<testsuite hostname="nykumari-5CG5092X77" failures="0" tests="1" name="dropdown.dropdown" time="25.979" errors="0" timestamp="2025-07-25T15:36:59 IST" skipped="0">
  <testcase classname="dropdown.dropdown" name="DemoTestID" time="25.979"/>
</testsuite> <!-- dropdown.dropdown -->
