<?xml version="1.0" encoding="UTF-8"?>
<!-- Generated by org.testng.reporters.JUnitReportReporter -->
<testsuite hostname="nykumari-5CG5092X77" failures="0" tests="1" name="radiobutton.RadioButtons" time="18.927" errors="0" timestamp="2025-07-28T11:05:13 IST" skipped="0">
  <testcase classname="radiobutton.RadioButtons" name="DemoTestID" time="18.927"/>
</testsuite> <!-- radiobutton.RadioButtons -->
