<?xml version="1.0" encoding="UTF-8"?>
<!-- Generated by org.testng.reporters.JUnitReportReporter -->
<testsuite hostname="nykumari-5CG5092X77" failures="0" tests="1" name="radiobutton.EaseMyTrip" time="9.744" errors="0" timestamp="2025-07-28T11:35:30 IST" skipped="0">
  <testcase classname="radiobutton.EaseMyTrip" name="DemoTestID" time="9.744"/>
</testsuite> <!-- radiobutton.EaseMyTrip -->
