<?xml version="1.0" encoding="UTF-8"?>
<!-- Generated by org.testng.reporters.JUnitReportReporter -->
<testsuite hostname="nykumari-5CG5092X77" failures="0" tests="1" name="locator.LinkTextAndPartialLink" time="32.298" errors="0" timestamp="2025-07-25T15:09:51 IST" skipped="0">
  <testcase classname="locator.LinkTextAndPartialLink" name="DemoTestID" time="32.298"/>
</testsuite> <!-- locator.LinkTextAndPartialLink -->
