<?xml version="1.0" encoding="UTF-8"?>
<!-- Generated by org.testng.reporters.JUnitReportReporter -->
<testsuite hostname="nykumari-5CG5092X77" failures="0" tests="1" name="locator.test" time="9.325" errors="0" timestamp="2025-07-25T12:55:41 IST" skipped="0">
  <testcase classname="locator.test" name="DemoTestID" time="9.325"/>
</testsuite> <!-- locator.test -->
